0 info it worked if it ends with ok
1 verbose cli [ '/usr/local/bin/node',
1 verbose cli   '/usr/local/bin/npm',
1 verbose cli   'run',
1 verbose cli   'test:module-4' ]
2 info using npm@3.10.10
3 info using node@v6.9.5
4 verbose run-script [ 'pretest:module-4', 'test:module-4', 'posttest:module-4' ]
5 info lifecycle js-webinar@1.0.0~pretest:module-4: js-webinar@1.0.0
6 silly lifecycle js-webinar@1.0.0~pretest:module-4: no script for pretest:module-4, continuing
7 info lifecycle js-webinar@1.0.0~test:module-4: js-webinar@1.0.0
8 verbose lifecycle js-webinar@1.0.0~test:module-4: unsafe-perm in lifecycle true
9 verbose lifecycle js-webinar@1.0.0~test:module-4: PATH: /usr/local/lib/node_modules/npm/bin/node-gyp-bin:/Users/mac/Projects/js-learning/js-learning/node_modules/.bin:/usr/local/bin:/usr/bin:/bin:/usr/sbin:/sbin:/Library/Frameworks/Mono.framework/Versions/Current/Commands:/Users/mac/bin
10 verbose lifecycle js-webinar@1.0.0~test:module-4: CWD: /Users/mac/Projects/js-learning/js-learning
11 silly lifecycle js-webinar@1.0.0~test:module-4: Args: [ '-c', 'mocha module-4/test/*.spec.js' ]
12 silly lifecycle js-webinar@1.0.0~test:module-4: Returned: code: 3  signal: null
13 info lifecycle js-webinar@1.0.0~test:module-4: Failed to exec test:module-4 script
14 verbose stack Error: js-webinar@1.0.0 test:module-4: `mocha module-4/test/*.spec.js`
14 verbose stack Exit status 3
14 verbose stack     at EventEmitter.<anonymous> (/usr/local/lib/node_modules/npm/lib/utils/lifecycle.js:255:16)
14 verbose stack     at emitTwo (events.js:106:13)
14 verbose stack     at EventEmitter.emit (events.js:191:7)
14 verbose stack     at ChildProcess.<anonymous> (/usr/local/lib/node_modules/npm/lib/utils/spawn.js:40:14)
14 verbose stack     at emitTwo (events.js:106:13)
14 verbose stack     at ChildProcess.emit (events.js:191:7)
14 verbose stack     at maybeClose (internal/child_process.js:877:16)
14 verbose stack     at Process.ChildProcess._handle.onexit (internal/child_process.js:226:5)
15 verbose pkgid js-webinar@1.0.0
16 verbose cwd /Users/mac/Projects/js-learning/js-learning
17 error Darwin 17.4.0
18 error argv "/usr/local/bin/node" "/usr/local/bin/npm" "run" "test:module-4"
19 error node v6.9.5
20 error npm  v3.10.10
21 error code ELIFECYCLE
22 error js-webinar@1.0.0 test:module-4: `mocha module-4/test/*.spec.js`
22 error Exit status 3
23 error Failed at the js-webinar@1.0.0 test:module-4 script 'mocha module-4/test/*.spec.js'.
23 error Make sure you have the latest version of node.js and npm installed.
23 error If you do, this is most likely a problem with the js-webinar package,
23 error not with npm itself.
23 error Tell the author that this fails on your system:
23 error     mocha module-4/test/*.spec.js
23 error You can get information on how to open an issue for this project with:
23 error     npm bugs js-webinar
23 error Or if that isn't available, you can get their info via:
23 error     npm owner ls js-webinar
23 error There is likely additional logging output above.
24 verbose exit [ 1, true ]
